[2021-10-30 14:54:06] local.ERROR: require(/home/styve/app/laravel/batipro/routes/web.php): failed to open stream: No such file or directory {"exception":"[object] (ErrorException(code: 0): require(/home/styve/app/laravel/batipro/routes/web.php): failed to open stream: No such file or directory at /home/styve/app/laravel/batipro/vendor/laravel/framework/src/Illuminate/Routing/RouteFileRegistrar.php:35)
[stacktrace]
#0 /home/styve/app/laravel/batipro/vendor/laravel/framework/src/Illuminate/Routing/RouteFileRegistrar.php(35): Illuminate\\Foundation\\Bootstrap\\HandleExceptions->handleError()
#1 /home/styve/app/laravel/batipro/vendor/laravel/framework/src/Illuminate/Routing/RouteFileRegistrar.php(35): require()
#2 /home/styve/app/laravel/batipro/vendor/laravel/framework/src/Illuminate/Routing/Router.php(425): Illuminate\\Routing\\RouteFileRegistrar->register()
#3 /home/styve/app/laravel/batipro/vendor/laravel/framework/src/Illuminate/Routing/Router.php(382): Illuminate\\Routing\\Router->loadRoutes()
#4 /home/styve/app/laravel/batipro/vendor/laravel/framework/src/Illuminate/Routing/RouteRegistrar.php(135): Illuminate\\Routing\\Router->group()
#5 /home/styve/app/laravel/batipro/app/Providers/RouteServiceProvider.php(48): Illuminate\\Routing\\RouteRegistrar->group()
#6 /home/styve/app/laravel/batipro/vendor/laravel/framework/src/Illuminate/Container/BoundMethod.php(36): App\\Providers\\RouteServiceProvider->App\\Providers\\{closure}()
#7 /home/styve/app/laravel/batipro/vendor/laravel/framework/src/Illuminate/Container/Util.php(40): Illuminate\\Container\\BoundMethod::Illuminate\\Container\\{closure}()
#8 /home/styve/app/laravel/batipro/vendor/laravel/framework/src/Illuminate/Container/BoundMethod.php(81): Illuminate\\Container\\Util::unwrapIfClosure()
#9 /home/styve/app/laravel/batipro/vendor/laravel/framework/src/Illuminate/Container/BoundMethod.php(37): Illuminate\\Container\\BoundMethod::callBoundMethod()
#10 /home/styve/app/laravel/batipro/vendor/laravel/framework/src/Illuminate/Container/Container.php(653): Illuminate\\Container\\BoundMethod::call()
#11 /home/styve/app/laravel/batipro/vendor/laravel/framework/src/Illuminate/Foundation/Support/Providers/RouteServiceProvider.php(120): Illuminate\\Container\\Container->call()
#12 /home/styve/app/laravel/batipro/vendor/laravel/framework/src/Illuminate/Foundation/Support/Providers/RouteServiceProvider.php(45): Illuminate\\Foundation\\Support\\Providers\\RouteServiceProvider->loadRoutes()
#13 /home/styve/app/laravel/batipro/vendor/laravel/framework/src/Illuminate/Container/BoundMethod.php(36): Illuminate\\Foundation\\Support\\Providers\\RouteServiceProvider->Illuminate\\Foundation\\Support\\Providers\\{closure}()
#14 /home/styve/app/laravel/batipro/vendor/laravel/framework/src/Illuminate/Container/Util.php(40): Illuminate\\Container\\BoundMethod::Illuminate\\Container\\{closure}()
#15 /home/styve/app/laravel/batipro/vendor/laravel/framework/src/Illuminate/Container/BoundMethod.php(81): Illuminate\\Container\\Util::unwrapIfClosure()
#16 /home/styve/app/laravel/batipro/vendor/laravel/framework/src/Illuminate/Container/BoundMethod.php(37): Illuminate\\Container\\BoundMethod::callBoundMethod()
#17 /home/styve/app/laravel/batipro/vendor/laravel/framework/src/Illuminate/Container/Container.php(653): Illuminate\\Container\\BoundMethod::call()
#18 /home/styve/app/laravel/batipro/vendor/laravel/framework/src/Illuminate/Support/ServiceProvider.php(113): Illuminate\\Container\\Container->call()
#19 /home/styve/app/laravel/batipro/vendor/laravel/framework/src/Illuminate/Foundation/Application.php(917): Illuminate\\Support\\ServiceProvider->callBootedCallbacks()
#20 /home/styve/app/laravel/batipro/vendor/laravel/framework/src/Illuminate/Foundation/Application.php(895): Illuminate\\Foundation\\Application->bootProvider()
#21 [internal function]: Illuminate\\Foundation\\Application->Illuminate\\Foundation\\{closure}()
#22 /home/styve/app/laravel/batipro/vendor/laravel/framework/src/Illuminate/Foundation/Application.php(896): array_walk()
#23 /home/styve/app/laravel/batipro/vendor/laravel/framework/src/Illuminate/Foundation/Bootstrap/BootProviders.php(17): Illuminate\\Foundation\\Application->boot()
#24 /home/styve/app/laravel/batipro/vendor/laravel/framework/src/Illuminate/Foundation/Application.php(237): Illuminate\\Foundation\\Bootstrap\\BootProviders->bootstrap()
#25 /home/styve/app/laravel/batipro/vendor/laravel/framework/src/Illuminate/Foundation/Console/Kernel.php(310): Illuminate\\Foundation\\Application->bootstrapWith()
#26 /home/styve/app/laravel/batipro/vendor/laravel/framework/src/Illuminate/Foundation/Console/Kernel.php(127): Illuminate\\Foundation\\Console\\Kernel->bootstrap()
#27 Command line code(1): Illuminate\\Foundation\\Console\\Kernel->handle()
#28 {main}
"} 
[2021-10-30 14:54:08] local.ERROR: require(/home/styve/app/laravel/batipro/routes/web.php): failed to open stream: No such file or directory {"exception":"[object] (ErrorException(code: 0): require(/home/styve/app/laravel/batipro/routes/web.php): failed to open stream: No such file or directory at /home/styve/app/laravel/batipro/vendor/laravel/framework/src/Illuminate/Routing/RouteFileRegistrar.php:35)
[stacktrace]
#0 /home/styve/app/laravel/batipro/vendor/laravel/framework/src/Illuminate/Routing/RouteFileRegistrar.php(35): Illuminate\\Foundation\\Bootstrap\\HandleExceptions->handleError()
#1 /home/styve/app/laravel/batipro/vendor/laravel/framework/src/Illuminate/Routing/RouteFileRegistrar.php(35): require()
#2 /home/styve/app/laravel/batipro/vendor/laravel/framework/src/Illuminate/Routing/Router.php(425): Illuminate\\Routing\\RouteFileRegistrar->register()
#3 /home/styve/app/laravel/batipro/vendor/laravel/framework/src/Illuminate/Routing/Router.php(382): Illuminate\\Routing\\Router->loadRoutes()
#4 /home/styve/app/laravel/batipro/vendor/laravel/framework/src/Illuminate/Routing/RouteRegistrar.php(135): Illuminate\\Routing\\Router->group()
#5 /home/styve/app/laravel/batipro/app/Providers/RouteServiceProvider.php(48): Illuminate\\Routing\\RouteRegistrar->group()
#6 /home/styve/app/laravel/batipro/vendor/laravel/framework/src/Illuminate/Container/BoundMethod.php(36): App\\Providers\\RouteServiceProvider->App\\Providers\\{closure}()
#7 /home/styve/app/laravel/batipro/vendor/laravel/framework/src/Illuminate/Container/Util.php(40): Illuminate\\Container\\BoundMethod::Illuminate\\Container\\{closure}()
#8 /home/styve/app/laravel/batipro/vendor/laravel/framework/src/Illuminate/Container/BoundMethod.php(81): Illuminate\\Container\\Util::unwrapIfClosure()
#9 /home/styve/app/laravel/batipro/vendor/laravel/framework/src/Illuminate/Container/BoundMethod.php(37): Illuminate\\Container\\BoundMethod::callBoundMethod()
#10 /home/styve/app/laravel/batipro/vendor/laravel/framework/src/Illuminate/Container/Container.php(653): Illuminate\\Container\\BoundMethod::call()
#11 /home/styve/app/laravel/batipro/vendor/laravel/framework/src/Illuminate/Foundation/Support/Providers/RouteServiceProvider.php(120): Illuminate\\Container\\Container->call()
#12 /home/styve/app/laravel/batipro/vendor/laravel/framework/src/Illuminate/Foundation/Support/Providers/RouteServiceProvider.php(45): Illuminate\\Foundation\\Support\\Providers\\RouteServiceProvider->loadRoutes()
#13 /home/styve/app/laravel/batipro/vendor/laravel/framework/src/Illuminate/Container/BoundMethod.php(36): Illuminate\\Foundation\\Support\\Providers\\RouteServiceProvider->Illuminate\\Foundation\\Support\\Providers\\{closure}()
#14 /home/styve/app/laravel/batipro/vendor/laravel/framework/src/Illuminate/Container/Util.php(40): Illuminate\\Container\\BoundMethod::Illuminate\\Container\\{closure}()
#15 /home/styve/app/laravel/batipro/vendor/laravel/framework/src/Illuminate/Container/BoundMethod.php(81): Illuminate\\Container\\Util::unwrapIfClosure()
#16 /home/styve/app/laravel/batipro/vendor/laravel/framework/src/Illuminate/Container/BoundMethod.php(37): Illuminate\\Container\\BoundMethod::callBoundMethod()
#17 /home/styve/app/laravel/batipro/vendor/laravel/framework/src/Illuminate/Container/Container.php(653): Illuminate\\Container\\BoundMethod::call()
#18 /home/styve/app/laravel/batipro/vendor/laravel/framework/src/Illuminate/Support/ServiceProvider.php(113): Illuminate\\Container\\Container->call()
#19 /home/styve/app/laravel/batipro/vendor/laravel/framework/src/Illuminate/Foundation/Application.php(917): Illuminate\\Support\\ServiceProvider->callBootedCallbacks()
#20 /home/styve/app/laravel/batipro/vendor/laravel/framework/src/Illuminate/Foundation/Application.php(895): Illuminate\\Foundation\\Application->bootProvider()
#21 [internal function]: Illuminate\\Foundation\\Application->Illuminate\\Foundation\\{closure}()
#22 /home/styve/app/laravel/batipro/vendor/laravel/framework/src/Illuminate/Foundation/Application.php(896): array_walk()
#23 /home/styve/app/laravel/batipro/vendor/laravel/framework/src/Illuminate/Foundation/Bootstrap/BootProviders.php(17): Illuminate\\Foundation\\Application->boot()
#24 /home/styve/app/laravel/batipro/vendor/laravel/framework/src/Illuminate/Foundation/Application.php(237): Illuminate\\Foundation\\Bootstrap\\BootProviders->bootstrap()
#25 /home/styve/app/laravel/batipro/vendor/laravel/framework/src/Illuminate/Foundation/Console/Kernel.php(310): Illuminate\\Foundation\\Application->bootstrapWith()
#26 /home/styve/app/laravel/batipro/vendor/laravel/framework/src/Illuminate/Foundation/Console/Kernel.php(127): Illuminate\\Foundation\\Console\\Kernel->bootstrap()
#27 Command line code(1): Illuminate\\Foundation\\Console\\Kernel->handle()
#28 {main}
"} 
[2021-10-30 14:54:08] local.ERROR: require(/home/styve/app/laravel/batipro/routes/web.php): failed to open stream: No such file or directory {"exception":"[object] (ErrorException(code: 0): require(/home/styve/app/laravel/batipro/routes/web.php): failed to open stream: No such file or directory at /home/styve/app/laravel/batipro/vendor/laravel/framework/src/Illuminate/Routing/RouteFileRegistrar.php:35)
[stacktrace]
#0 /home/styve/app/laravel/batipro/vendor/laravel/framework/src/Illuminate/Routing/RouteFileRegistrar.php(35): Illuminate\\Foundation\\Bootstrap\\HandleExceptions->handleError()
#1 /home/styve/app/laravel/batipro/vendor/laravel/framework/src/Illuminate/Routing/RouteFileRegistrar.php(35): require()
#2 /home/styve/app/laravel/batipro/vendor/laravel/framework/src/Illuminate/Routing/Router.php(425): Illuminate\\Routing\\RouteFileRegistrar->register()
#3 /home/styve/app/laravel/batipro/vendor/laravel/framework/src/Illuminate/Routing/Router.php(382): Illuminate\\Routing\\Router->loadRoutes()
#4 /home/styve/app/laravel/batipro/vendor/laravel/framework/src/Illuminate/Routing/RouteRegistrar.php(135): Illuminate\\Routing\\Router->group()
#5 /home/styve/app/laravel/batipro/app/Providers/RouteServiceProvider.php(48): Illuminate\\Routing\\RouteRegistrar->group()
#6 /home/styve/app/laravel/batipro/vendor/laravel/framework/src/Illuminate/Container/BoundMethod.php(36): App\\Providers\\RouteServiceProvider->App\\Providers\\{closure}()
#7 /home/styve/app/laravel/batipro/vendor/laravel/framework/src/Illuminate/Container/Util.php(40): Illuminate\\Container\\BoundMethod::Illuminate\\Container\\{closure}()
#8 /home/styve/app/laravel/batipro/vendor/laravel/framework/src/Illuminate/Container/BoundMethod.php(81): Illuminate\\Container\\Util::unwrapIfClosure()
#9 /home/styve/app/laravel/batipro/vendor/laravel/framework/src/Illuminate/Container/BoundMethod.php(37): Illuminate\\Container\\BoundMethod::callBoundMethod()
#10 /home/styve/app/laravel/batipro/vendor/laravel/framework/src/Illuminate/Container/Container.php(653): Illuminate\\Container\\BoundMethod::call()
#11 /home/styve/app/laravel/batipro/vendor/laravel/framework/src/Illuminate/Foundation/Support/Providers/RouteServiceProvider.php(120): Illuminate\\Container\\Container->call()
#12 /home/styve/app/laravel/batipro/vendor/laravel/framework/src/Illuminate/Foundation/Support/Providers/RouteServiceProvider.php(45): Illuminate\\Foundation\\Support\\Providers\\RouteServiceProvider->loadRoutes()
#13 /home/styve/app/laravel/batipro/vendor/laravel/framework/src/Illuminate/Container/BoundMethod.php(36): Illuminate\\Foundation\\Support\\Providers\\RouteServiceProvider->Illuminate\\Foundation\\Support\\Providers\\{closure}()
#14 /home/styve/app/laravel/batipro/vendor/laravel/framework/src/Illuminate/Container/Util.php(40): Illuminate\\Container\\BoundMethod::Illuminate\\Container\\{closure}()
#15 /home/styve/app/laravel/batipro/vendor/laravel/framework/src/Illuminate/Container/BoundMethod.php(81): Illuminate\\Container\\Util::unwrapIfClosure()
#16 /home/styve/app/laravel/batipro/vendor/laravel/framework/src/Illuminate/Container/BoundMethod.php(37): Illuminate\\Container\\BoundMethod::callBoundMethod()
#17 /home/styve/app/laravel/batipro/vendor/laravel/framework/src/Illuminate/Container/Container.php(653): Illuminate\\Container\\BoundMethod::call()
#18 /home/styve/app/laravel/batipro/vendor/laravel/framework/src/Illuminate/Support/ServiceProvider.php(113): Illuminate\\Container\\Container->call()
#19 /home/styve/app/laravel/batipro/vendor/laravel/framework/src/Illuminate/Foundation/Application.php(917): Illuminate\\Support\\ServiceProvider->callBootedCallbacks()
#20 /home/styve/app/laravel/batipro/vendor/laravel/framework/src/Illuminate/Foundation/Application.php(895): Illuminate\\Foundation\\Application->bootProvider()
#21 [internal function]: Illuminate\\Foundation\\Application->Illuminate\\Foundation\\{closure}()
#22 /home/styve/app/laravel/batipro/vendor/laravel/framework/src/Illuminate/Foundation/Application.php(896): array_walk()
#23 /home/styve/app/laravel/batipro/vendor/laravel/framework/src/Illuminate/Foundation/Bootstrap/BootProviders.php(17): Illuminate\\Foundation\\Application->boot()
#24 /home/styve/app/laravel/batipro/vendor/laravel/framework/src/Illuminate/Foundation/Application.php(237): Illuminate\\Foundation\\Bootstrap\\BootProviders->bootstrap()
#25 /home/styve/app/laravel/batipro/vendor/laravel/framework/src/Illuminate/Foundation/Console/Kernel.php(310): Illuminate\\Foundation\\Application->bootstrapWith()
#26 /home/styve/app/laravel/batipro/vendor/laravel/framework/src/Illuminate/Foundation/Console/Kernel.php(127): Illuminate\\Foundation\\Console\\Kernel->bootstrap()
#27 Command line code(1): Illuminate\\Foundation\\Console\\Kernel->handle()
#28 {main}
"} 
[2021-10-30 14:54:17] local.ERROR: filemtime(): stat failed for /home/styve/app/laravel/batipro/.env {"exception":"[object] (ErrorException(code: 0): filemtime(): stat failed for /home/styve/app/laravel/batipro/.env at /home/styve/app/laravel/batipro/vendor/laravel/framework/src/Illuminate/Foundation/Console/ServeCommand.php:66)
[stacktrace]
#0 [internal function]: Illuminate\\Foundation\\Bootstrap\\HandleExceptions->handleError()
#1 /home/styve/app/laravel/batipro/vendor/laravel/framework/src/Illuminate/Foundation/Console/ServeCommand.php(66): filemtime()
#2 /home/styve/app/laravel/batipro/vendor/laravel/framework/src/Illuminate/Container/BoundMethod.php(36): Illuminate\\Foundation\\Console\\ServeCommand->handle()
#3 /home/styve/app/laravel/batipro/vendor/laravel/framework/src/Illuminate/Container/Util.php(40): Illuminate\\Container\\BoundMethod::Illuminate\\Container\\{closure}()
#4 /home/styve/app/laravel/batipro/vendor/laravel/framework/src/Illuminate/Container/BoundMethod.php(93): Illuminate\\Container\\Util::unwrapIfClosure()
#5 /home/styve/app/laravel/batipro/vendor/laravel/framework/src/Illuminate/Container/BoundMethod.php(37): Illuminate\\Container\\BoundMethod::callBoundMethod()
#6 /home/styve/app/laravel/batipro/vendor/laravel/framework/src/Illuminate/Container/Container.php(653): Illuminate\\Container\\BoundMethod::call()
#7 /home/styve/app/laravel/batipro/vendor/laravel/framework/src/Illuminate/Console/Command.php(136): Illuminate\\Container\\Container->call()
#8 /home/styve/app/laravel/batipro/vendor/symfony/console/Command/Command.php(299): Illuminate\\Console\\Command->execute()
#9 /home/styve/app/laravel/batipro/vendor/laravel/framework/src/Illuminate/Console/Command.php(121): Symfony\\Component\\Console\\Command\\Command->run()
#10 /home/styve/app/laravel/batipro/vendor/symfony/console/Application.php(978): Illuminate\\Console\\Command->run()
#11 /home/styve/app/laravel/batipro/vendor/symfony/console/Application.php(295): Symfony\\Component\\Console\\Application->doRunCommand()
#12 /home/styve/app/laravel/batipro/vendor/symfony/console/Application.php(167): Symfony\\Component\\Console\\Application->doRun()
#13 /home/styve/app/laravel/batipro/vendor/laravel/framework/src/Illuminate/Console/Application.php(94): Symfony\\Component\\Console\\Application->run()
#14 /home/styve/app/laravel/batipro/vendor/laravel/framework/src/Illuminate/Foundation/Console/Kernel.php(129): Illuminate\\Console\\Application->run()
#15 /home/styve/app/laravel/batipro/artisan(37): Illuminate\\Foundation\\Console\\Kernel->handle()
#16 {main}
"} 
